<?xml version="1.0" encoding="UTF-8"?>
<testng-results ignored="0" total="1" passed="0" failed="1" skipped="0">
  <reporter-output>
  </reporter-output>
  <suite started-at="2020-08-18T06:09:07Z" name="Default suite" finished-at="2020-08-18T06:09:08Z" duration-ms="1112">
    <groups>
    </groups>
    <test started-at="2020-08-18T06:09:07Z" name="Default test" finished-at="2020-08-18T06:09:08Z" duration-ms="1112">
      <class name="com.crmpro.test.Pdfread">
        <test-method signature="pdfreader()[pri:0, instance:com.crmpro.test.Pdfread@38102d01]" started-at="2020-08-18T06:09:07Z" name="pdfreader" finished-at="2020-08-18T06:09:08Z" duration-ms="1007" status="FAIL">
          <exception class="java.lang.NoSuchMethodError">
            <message>
              <![CDATA[org.apache.fontbox.afm.AFMParser.parse()V]]>
            </message>
            <full-stacktrace>
              <![CDATA[java.lang.NoSuchMethodError: org.apache.fontbox.afm.AFMParser.parse()V
at org.apache.pdfbox.pdmodel.font.PDFont.addAdobeFontMetric(PDFont.java:146)
at org.apache.pdfbox.pdmodel.font.PDFont.getAdobeFontMetrics(PDFont.java:114)
at org.apache.pdfbox.pdmodel.font.PDFont.<clinit>(PDFont.java:106)
at org.apache.pdfbox.pdmodel.font.PDFontFactory.createFont(PDFontFactory.java:100)
at org.apache.pdfbox.pdmodel.PDResources.getFonts(PDResources.java:203)
at org.apache.pdfbox.util.PDFStreamEngine.getFonts(PDFStreamEngine.java:604)
at org.apache.pdfbox.util.operator.SetTextFont.process(SetTextFont.java:54)
at org.apache.pdfbox.util.PDFStreamEngine.processOperator(PDFStreamEngine.java:554)
at org.apache.pdfbox.util.PDFStreamEngine.processSubStream(PDFStreamEngine.java:268)
at org.apache.pdfbox.util.PDFStreamEngine.processSubStream(PDFStreamEngine.java:235)
at org.apache.pdfbox.util.PDFStreamEngine.processStream(PDFStreamEngine.java:215)
at org.apache.pdfbox.util.PDFTextStripper.processPage(PDFTextStripper.java:455)
at org.apache.pdfbox.util.PDFTextStripper.processPages(PDFTextStripper.java:379)
at org.apache.pdfbox.util.PDFTextStripper.writeText(PDFTextStripper.java:335)
at org.apache.pdfbox.util.PDFTextStripper.getText(PDFTextStripper.java:254)
at com.crmpro.test.Pdfread.PDFreader1(Pdfread.java:54)
at com.crmpro.test.Pdfread.pdfreader(Pdfread.java:39)
at java.base/jdk.internal.reflect.NativeMethodAccessorImpl.invoke0(Native Method)
at java.base/jdk.internal.reflect.NativeMethodAccessorImpl.invoke(NativeMethodAccessorImpl.java:62)
at java.base/jdk.internal.reflect.DelegatingMethodAccessorImpl.invoke(DelegatingMethodAccessorImpl.java:43)
at java.base/java.lang.reflect.Method.invoke(Method.java:566)
at org.testng.internal.MethodInvocationHelper.invokeMethod(MethodInvocationHelper.java:124)
at org.testng.internal.Invoker.invokeMethod(Invoker.java:583)
at org.testng.internal.Invoker.invokeTestMethod(Invoker.java:719)
at org.testng.internal.Invoker.invokeTestMethods(Invoker.java:989)
at org.testng.internal.TestMethodWorker.invokeTestMethods(TestMethodWorker.java:125)
at org.testng.internal.TestMethodWorker.run(TestMethodWorker.java:109)
at org.testng.TestRunner.privateRun(TestRunner.java:648)
at org.testng.TestRunner.run(TestRunner.java:505)
at org.testng.SuiteRunner.runTest(SuiteRunner.java:455)
at org.testng.SuiteRunner.runSequentially(SuiteRunner.java:450)
at org.testng.SuiteRunner.privateRun(SuiteRunner.java:415)
at org.testng.SuiteRunner.run(SuiteRunner.java:364)
at org.testng.SuiteRunnerWorker.runSuite(SuiteRunnerWorker.java:52)
at org.testng.SuiteRunnerWorker.run(SuiteRunnerWorker.java:84)
at org.testng.TestNG.runSuitesSequentially(TestNG.java:1208)
at org.testng.TestNG.runSuitesLocally(TestNG.java:1137)
at org.testng.TestNG.runSuites(TestNG.java:1049)
at org.testng.TestNG.run(TestNG.java:1017)
at org.testng.remote.AbstractRemoteTestNG.run(AbstractRemoteTestNG.java:114)
at org.testng.remote.RemoteTestNG.initAndRun(RemoteTestNG.java:251)
at org.testng.remote.RemoteTestNG.main(RemoteTestNG.java:77)
]]>
            </full-stacktrace>
          </exception> <!-- java.lang.NoSuchMethodError -->
          <reporter-output>
          </reporter-output>
        </test-method> <!-- pdfreader -->
      </class> <!-- com.crmpro.test.Pdfread -->
    </test> <!-- Default test -->
  </suite> <!-- Default suite -->
</testng-results>
